ARM GAS  /var/folders/4h/7vm9s8w13t95ghm4btcrtdl80000gn/T//ccS5z1VD.s 			page 1


   1              		.cpu cortex-m0
   2              		.arch armv6s-m
   3              		.fpu softvfp
   4              		.eabi_attribute 20, 1
   5              		.eabi_attribute 21, 1
   6              		.eabi_attribute 23, 3
   7              		.eabi_attribute 24, 1
   8              		.eabi_attribute 25, 1
   9              		.eabi_attribute 26, 1
  10              		.eabi_attribute 30, 1
  11              		.eabi_attribute 34, 0
  12              		.eabi_attribute 18, 4
  13              		.file	"usart.c"
  14              		.text
  15              	.Ltext0:
  16              		.cfi_sections	.debug_frame
  17              		.file 1 "Src/usart.c"
  18              		.section	.text.MX_USART1_UART_Init,"ax",%progbits
  19              		.align	1
  20              		.global	MX_USART1_UART_Init
  21              		.syntax unified
  22              		.code	16
  23              		.thumb_func
  25              	MX_USART1_UART_Init:
  26              	.LFB43:
   1:Src/usart.c   **** /* USER CODE BEGIN Header */
   2:Src/usart.c   **** /**
   3:Src/usart.c   ****   ******************************************************************************
   4:Src/usart.c   ****   * @file    usart.c
   5:Src/usart.c   ****   * @brief   This file provides code for the configuration
   6:Src/usart.c   ****   *          of the USART instances.
   7:Src/usart.c   ****   ******************************************************************************
   8:Src/usart.c   ****   * @attention
   9:Src/usart.c   ****   *
  10:Src/usart.c   ****   * Copyright (c) 2024 STMicroelectronics.
  11:Src/usart.c   ****   * All rights reserved.
  12:Src/usart.c   ****   *
  13:Src/usart.c   ****   * This software is licensed under terms that can be found in the LICENSE file
  14:Src/usart.c   ****   * in the root directory of this software component.
  15:Src/usart.c   ****   * If no LICENSE file comes with this software, it is provided AS-IS.
  16:Src/usart.c   ****   *
  17:Src/usart.c   ****   ******************************************************************************
  18:Src/usart.c   ****   */
  19:Src/usart.c   **** /* USER CODE END Header */
  20:Src/usart.c   **** /* Includes ------------------------------------------------------------------*/
  21:Src/usart.c   **** #include "usart.h"
  22:Src/usart.c   **** 
  23:Src/usart.c   **** /* USER CODE BEGIN 0 */
  24:Src/usart.c   **** extern ssize_t _write(int file, const char *ptr, ssize_t len);
  25:Src/usart.c   **** /* USER CODE END 0 */
  26:Src/usart.c   **** 
  27:Src/usart.c   **** UART_HandleTypeDef huart1;
  28:Src/usart.c   **** 
  29:Src/usart.c   **** /* USART1 init function */
  30:Src/usart.c   **** 
  31:Src/usart.c   **** void MX_USART1_UART_Init(void)
  32:Src/usart.c   **** {
ARM GAS  /var/folders/4h/7vm9s8w13t95ghm4btcrtdl80000gn/T//ccS5z1VD.s 			page 2


  27              		.loc 1 32 1 view -0
  28              		.cfi_startproc
  29              		@ args = 0, pretend = 0, frame = 0
  30              		@ frame_needed = 0, uses_anonymous_args = 0
  31 0000 10B5     		push	{r4, lr}
  32              	.LCFI0:
  33              		.cfi_def_cfa_offset 8
  34              		.cfi_offset 4, -8
  35              		.cfi_offset 14, -4
  33:Src/usart.c   **** 
  34:Src/usart.c   ****   /* USER CODE BEGIN USART1_Init 0 */
  35:Src/usart.c   **** 
  36:Src/usart.c   ****   /* USER CODE END USART1_Init 0 */
  37:Src/usart.c   **** 
  38:Src/usart.c   ****   /* USER CODE BEGIN USART1_Init 1 */
  39:Src/usart.c   **** 
  40:Src/usart.c   ****   /* USER CODE END USART1_Init 1 */
  41:Src/usart.c   ****   huart1.Instance = USART1;
  36              		.loc 1 41 3 view .LVU1
  37              		.loc 1 41 19 is_stmt 0 view .LVU2
  38 0002 0C48     		ldr	r0, .L4
  39 0004 0C4B     		ldr	r3, .L4+4
  40 0006 0360     		str	r3, [r0]
  42:Src/usart.c   ****   huart1.Init.BaudRate = 115200;
  41              		.loc 1 42 3 is_stmt 1 view .LVU3
  42              		.loc 1 42 24 is_stmt 0 view .LVU4
  43 0008 E123     		movs	r3, #225
  44 000a 5B02     		lsls	r3, r3, #9
  45 000c 4360     		str	r3, [r0, #4]
  43:Src/usart.c   ****   huart1.Init.WordLength = UART_WORDLENGTH_8B;
  46              		.loc 1 43 3 is_stmt 1 view .LVU5
  47              		.loc 1 43 26 is_stmt 0 view .LVU6
  48 000e 0023     		movs	r3, #0
  49 0010 8360     		str	r3, [r0, #8]
  44:Src/usart.c   ****   huart1.Init.StopBits = UART_STOPBITS_1;
  50              		.loc 1 44 3 is_stmt 1 view .LVU7
  51              		.loc 1 44 24 is_stmt 0 view .LVU8
  52 0012 C360     		str	r3, [r0, #12]
  45:Src/usart.c   ****   huart1.Init.Parity = UART_PARITY_NONE;
  53              		.loc 1 45 3 is_stmt 1 view .LVU9
  54              		.loc 1 45 22 is_stmt 0 view .LVU10
  55 0014 0361     		str	r3, [r0, #16]
  46:Src/usart.c   ****   huart1.Init.Mode = UART_MODE_TX;
  56              		.loc 1 46 3 is_stmt 1 view .LVU11
  57              		.loc 1 46 20 is_stmt 0 view .LVU12
  58 0016 0822     		movs	r2, #8
  59 0018 4261     		str	r2, [r0, #20]
  47:Src/usart.c   ****   huart1.Init.HwFlowCtl = UART_HWCONTROL_NONE;
  60              		.loc 1 47 3 is_stmt 1 view .LVU13
  61              		.loc 1 47 25 is_stmt 0 view .LVU14
  62 001a 8361     		str	r3, [r0, #24]
  48:Src/usart.c   ****   huart1.Init.OverSampling = UART_OVERSAMPLING_16;
  63              		.loc 1 48 3 is_stmt 1 view .LVU15
  64              		.loc 1 48 28 is_stmt 0 view .LVU16
  65 001c C361     		str	r3, [r0, #28]
  49:Src/usart.c   ****   huart1.Init.OneBitSampling = UART_ONE_BIT_SAMPLE_DISABLE;
  66              		.loc 1 49 3 is_stmt 1 view .LVU17
ARM GAS  /var/folders/4h/7vm9s8w13t95ghm4btcrtdl80000gn/T//ccS5z1VD.s 			page 3


  67              		.loc 1 49 30 is_stmt 0 view .LVU18
  68 001e 0362     		str	r3, [r0, #32]
  50:Src/usart.c   ****   huart1.AdvancedInit.AdvFeatureInit = UART_ADVFEATURE_NO_INIT;
  69              		.loc 1 50 3 is_stmt 1 view .LVU19
  70              		.loc 1 50 38 is_stmt 0 view .LVU20
  71 0020 4362     		str	r3, [r0, #36]
  51:Src/usart.c   ****   if (HAL_UART_Init(&huart1) != HAL_OK)
  72              		.loc 1 51 3 is_stmt 1 view .LVU21
  73              		.loc 1 51 7 is_stmt 0 view .LVU22
  74 0022 FFF7FEFF 		bl	HAL_UART_Init
  75              	.LVL0:
  76              		.loc 1 51 6 discriminator 1 view .LVU23
  77 0026 0028     		cmp	r0, #0
  78 0028 00D1     		bne	.L3
  79              	.L1:
  52:Src/usart.c   ****   {
  53:Src/usart.c   ****     Error_Handler();
  54:Src/usart.c   ****   }
  55:Src/usart.c   ****   /* USER CODE BEGIN USART1_Init 2 */
  56:Src/usart.c   **** 
  57:Src/usart.c   ****   /* USER CODE END USART1_Init 2 */
  58:Src/usart.c   **** 
  59:Src/usart.c   **** }
  80              		.loc 1 59 1 view .LVU24
  81              		@ sp needed
  82 002a 10BD     		pop	{r4, pc}
  83              	.L3:
  53:Src/usart.c   ****   }
  84              		.loc 1 53 5 is_stmt 1 view .LVU25
  85 002c FFF7FEFF 		bl	Error_Handler
  86              	.LVL1:
  87              		.loc 1 59 1 is_stmt 0 view .LVU26
  88 0030 FBE7     		b	.L1
  89              	.L5:
  90 0032 C046     		.align	2
  91              	.L4:
  92 0034 00000000 		.word	huart1
  93 0038 00380140 		.word	1073821696
  94              		.cfi_endproc
  95              	.LFE43:
  97              		.section	.text.HAL_UART_MspInit,"ax",%progbits
  98              		.align	1
  99              		.global	HAL_UART_MspInit
 100              		.syntax unified
 101              		.code	16
 102              		.thumb_func
 104              	HAL_UART_MspInit:
 105              	.LVL2:
 106              	.LFB44:
  60:Src/usart.c   **** 
  61:Src/usart.c   **** void HAL_UART_MspInit(UART_HandleTypeDef* uartHandle)
  62:Src/usart.c   **** {
 107              		.loc 1 62 1 is_stmt 1 view -0
 108              		.cfi_startproc
 109              		@ args = 0, pretend = 0, frame = 32
 110              		@ frame_needed = 0, uses_anonymous_args = 0
 111              		.loc 1 62 1 is_stmt 0 view .LVU28
ARM GAS  /var/folders/4h/7vm9s8w13t95ghm4btcrtdl80000gn/T//ccS5z1VD.s 			page 4


 112 0000 10B5     		push	{r4, lr}
 113              	.LCFI1:
 114              		.cfi_def_cfa_offset 8
 115              		.cfi_offset 4, -8
 116              		.cfi_offset 14, -4
 117 0002 88B0     		sub	sp, sp, #32
 118              	.LCFI2:
 119              		.cfi_def_cfa_offset 40
 120 0004 0400     		movs	r4, r0
  63:Src/usart.c   **** 
  64:Src/usart.c   ****   GPIO_InitTypeDef GPIO_InitStruct = {0};
 121              		.loc 1 64 3 is_stmt 1 view .LVU29
 122              		.loc 1 64 20 is_stmt 0 view .LVU30
 123 0006 1422     		movs	r2, #20
 124 0008 0021     		movs	r1, #0
 125 000a 03A8     		add	r0, sp, #12
 126              	.LVL3:
 127              		.loc 1 64 20 view .LVU31
 128 000c FFF7FEFF 		bl	memset
 129              	.LVL4:
  65:Src/usart.c   ****   if(uartHandle->Instance==USART1)
 130              		.loc 1 65 3 is_stmt 1 view .LVU32
 131              		.loc 1 65 16 is_stmt 0 view .LVU33
 132 0010 2268     		ldr	r2, [r4]
 133              		.loc 1 65 5 view .LVU34
 134 0012 134B     		ldr	r3, .L9
 135 0014 9A42     		cmp	r2, r3
 136 0016 01D0     		beq	.L8
 137              	.L6:
  66:Src/usart.c   ****   {
  67:Src/usart.c   ****   /* USER CODE BEGIN USART1_MspInit 0 */
  68:Src/usart.c   **** 
  69:Src/usart.c   ****   /* USER CODE END USART1_MspInit 0 */
  70:Src/usart.c   ****     /* USART1 clock enable */
  71:Src/usart.c   ****     __HAL_RCC_USART1_CLK_ENABLE();
  72:Src/usart.c   **** 
  73:Src/usart.c   ****     __HAL_RCC_GPIOA_CLK_ENABLE();
  74:Src/usart.c   ****     /**USART1 GPIO Configuration
  75:Src/usart.c   ****     PA9     ------> USART1_TX
  76:Src/usart.c   ****     PA10     ------> USART1_RX
  77:Src/usart.c   ****     */
  78:Src/usart.c   ****     GPIO_InitStruct.Pin = GPIO_PIN_9|GPIO_PIN_10;
  79:Src/usart.c   ****     GPIO_InitStruct.Mode = GPIO_MODE_AF_PP;
  80:Src/usart.c   ****     GPIO_InitStruct.Pull = GPIO_NOPULL;
  81:Src/usart.c   ****     GPIO_InitStruct.Speed = GPIO_SPEED_FREQ_HIGH;
  82:Src/usart.c   ****     GPIO_InitStruct.Alternate = GPIO_AF1_USART1;
  83:Src/usart.c   ****     HAL_GPIO_Init(GPIOA, &GPIO_InitStruct);
  84:Src/usart.c   **** 
  85:Src/usart.c   ****   /* USER CODE BEGIN USART1_MspInit 1 */
  86:Src/usart.c   **** 
  87:Src/usart.c   ****   /* USER CODE END USART1_MspInit 1 */
  88:Src/usart.c   ****   }
  89:Src/usart.c   **** }
 138              		.loc 1 89 1 view .LVU35
 139 0018 08B0     		add	sp, sp, #32
 140              		@ sp needed
 141              	.LVL5:
ARM GAS  /var/folders/4h/7vm9s8w13t95ghm4btcrtdl80000gn/T//ccS5z1VD.s 			page 5


 142              		.loc 1 89 1 view .LVU36
 143 001a 10BD     		pop	{r4, pc}
 144              	.LVL6:
 145              	.L8:
  71:Src/usart.c   **** 
 146              		.loc 1 71 5 is_stmt 1 view .LVU37
 147              	.LBB2:
  71:Src/usart.c   **** 
 148              		.loc 1 71 5 view .LVU38
  71:Src/usart.c   **** 
 149              		.loc 1 71 5 view .LVU39
 150 001c 114B     		ldr	r3, .L9+4
 151 001e 9A69     		ldr	r2, [r3, #24]
 152 0020 8021     		movs	r1, #128
 153 0022 C901     		lsls	r1, r1, #7
 154 0024 0A43     		orrs	r2, r1
 155 0026 9A61     		str	r2, [r3, #24]
  71:Src/usart.c   **** 
 156              		.loc 1 71 5 view .LVU40
 157 0028 9A69     		ldr	r2, [r3, #24]
 158 002a 0A40     		ands	r2, r1
 159 002c 0192     		str	r2, [sp, #4]
  71:Src/usart.c   **** 
 160              		.loc 1 71 5 view .LVU41
 161 002e 019A     		ldr	r2, [sp, #4]
 162              	.LBE2:
  71:Src/usart.c   **** 
 163              		.loc 1 71 5 view .LVU42
  73:Src/usart.c   ****     /**USART1 GPIO Configuration
 164              		.loc 1 73 5 view .LVU43
 165              	.LBB3:
  73:Src/usart.c   ****     /**USART1 GPIO Configuration
 166              		.loc 1 73 5 view .LVU44
  73:Src/usart.c   ****     /**USART1 GPIO Configuration
 167              		.loc 1 73 5 view .LVU45
 168 0030 5A69     		ldr	r2, [r3, #20]
 169 0032 8021     		movs	r1, #128
 170 0034 8902     		lsls	r1, r1, #10
 171 0036 0A43     		orrs	r2, r1
 172 0038 5A61     		str	r2, [r3, #20]
  73:Src/usart.c   ****     /**USART1 GPIO Configuration
 173              		.loc 1 73 5 view .LVU46
 174 003a 5B69     		ldr	r3, [r3, #20]
 175 003c 0B40     		ands	r3, r1
 176 003e 0293     		str	r3, [sp, #8]
  73:Src/usart.c   ****     /**USART1 GPIO Configuration
 177              		.loc 1 73 5 view .LVU47
 178 0040 029B     		ldr	r3, [sp, #8]
 179              	.LBE3:
  73:Src/usart.c   ****     /**USART1 GPIO Configuration
 180              		.loc 1 73 5 view .LVU48
  78:Src/usart.c   ****     GPIO_InitStruct.Mode = GPIO_MODE_AF_PP;
 181              		.loc 1 78 5 view .LVU49
  78:Src/usart.c   ****     GPIO_InitStruct.Mode = GPIO_MODE_AF_PP;
 182              		.loc 1 78 25 is_stmt 0 view .LVU50
 183 0042 C023     		movs	r3, #192
 184 0044 DB00     		lsls	r3, r3, #3
ARM GAS  /var/folders/4h/7vm9s8w13t95ghm4btcrtdl80000gn/T//ccS5z1VD.s 			page 6


 185 0046 0393     		str	r3, [sp, #12]
  79:Src/usart.c   ****     GPIO_InitStruct.Pull = GPIO_NOPULL;
 186              		.loc 1 79 5 is_stmt 1 view .LVU51
  79:Src/usart.c   ****     GPIO_InitStruct.Pull = GPIO_NOPULL;
 187              		.loc 1 79 26 is_stmt 0 view .LVU52
 188 0048 0223     		movs	r3, #2
 189 004a 0493     		str	r3, [sp, #16]
  80:Src/usart.c   ****     GPIO_InitStruct.Speed = GPIO_SPEED_FREQ_HIGH;
 190              		.loc 1 80 5 is_stmt 1 view .LVU53
  81:Src/usart.c   ****     GPIO_InitStruct.Alternate = GPIO_AF1_USART1;
 191              		.loc 1 81 5 view .LVU54
  81:Src/usart.c   ****     GPIO_InitStruct.Alternate = GPIO_AF1_USART1;
 192              		.loc 1 81 27 is_stmt 0 view .LVU55
 193 004c 0133     		adds	r3, r3, #1
 194 004e 0693     		str	r3, [sp, #24]
  82:Src/usart.c   ****     HAL_GPIO_Init(GPIOA, &GPIO_InitStruct);
 195              		.loc 1 82 5 is_stmt 1 view .LVU56
  82:Src/usart.c   ****     HAL_GPIO_Init(GPIOA, &GPIO_InitStruct);
 196              		.loc 1 82 31 is_stmt 0 view .LVU57
 197 0050 023B     		subs	r3, r3, #2
 198 0052 0793     		str	r3, [sp, #28]
  83:Src/usart.c   **** 
 199              		.loc 1 83 5 is_stmt 1 view .LVU58
 200 0054 9020     		movs	r0, #144
 201 0056 03A9     		add	r1, sp, #12
 202 0058 C005     		lsls	r0, r0, #23
 203 005a FFF7FEFF 		bl	HAL_GPIO_Init
 204              	.LVL7:
 205              		.loc 1 89 1 is_stmt 0 view .LVU59
 206 005e DBE7     		b	.L6
 207              	.L10:
 208              		.align	2
 209              	.L9:
 210 0060 00380140 		.word	1073821696
 211 0064 00100240 		.word	1073876992
 212              		.cfi_endproc
 213              	.LFE44:
 215              		.section	.text.HAL_UART_MspDeInit,"ax",%progbits
 216              		.align	1
 217              		.global	HAL_UART_MspDeInit
 218              		.syntax unified
 219              		.code	16
 220              		.thumb_func
 222              	HAL_UART_MspDeInit:
 223              	.LVL8:
 224              	.LFB45:
  90:Src/usart.c   **** 
  91:Src/usart.c   **** void HAL_UART_MspDeInit(UART_HandleTypeDef* uartHandle)
  92:Src/usart.c   **** {
 225              		.loc 1 92 1 is_stmt 1 view -0
 226              		.cfi_startproc
 227              		@ args = 0, pretend = 0, frame = 0
 228              		@ frame_needed = 0, uses_anonymous_args = 0
 229              		.loc 1 92 1 is_stmt 0 view .LVU61
 230 0000 10B5     		push	{r4, lr}
 231              	.LCFI3:
 232              		.cfi_def_cfa_offset 8
ARM GAS  /var/folders/4h/7vm9s8w13t95ghm4btcrtdl80000gn/T//ccS5z1VD.s 			page 7


 233              		.cfi_offset 4, -8
 234              		.cfi_offset 14, -4
  93:Src/usart.c   **** 
  94:Src/usart.c   ****   if(uartHandle->Instance==USART1)
 235              		.loc 1 94 3 is_stmt 1 view .LVU62
 236              		.loc 1 94 16 is_stmt 0 view .LVU63
 237 0002 0268     		ldr	r2, [r0]
 238              		.loc 1 94 5 view .LVU64
 239 0004 074B     		ldr	r3, .L14
 240 0006 9A42     		cmp	r2, r3
 241 0008 00D0     		beq	.L13
 242              	.LVL9:
 243              	.L11:
  95:Src/usart.c   ****   {
  96:Src/usart.c   ****   /* USER CODE BEGIN USART1_MspDeInit 0 */
  97:Src/usart.c   **** 
  98:Src/usart.c   ****   /* USER CODE END USART1_MspDeInit 0 */
  99:Src/usart.c   ****     /* Peripheral clock disable */
 100:Src/usart.c   ****     __HAL_RCC_USART1_CLK_DISABLE();
 101:Src/usart.c   **** 
 102:Src/usart.c   ****     /**USART1 GPIO Configuration
 103:Src/usart.c   ****     PA9     ------> USART1_TX
 104:Src/usart.c   ****     PA10     ------> USART1_RX
 105:Src/usart.c   ****     */
 106:Src/usart.c   ****     HAL_GPIO_DeInit(GPIOA, GPIO_PIN_9|GPIO_PIN_10);
 107:Src/usart.c   **** 
 108:Src/usart.c   ****   /* USER CODE BEGIN USART1_MspDeInit 1 */
 109:Src/usart.c   **** 
 110:Src/usart.c   ****   /* USER CODE END USART1_MspDeInit 1 */
 111:Src/usart.c   ****   }
 112:Src/usart.c   **** }
 244              		.loc 1 112 1 view .LVU65
 245              		@ sp needed
 246 000a 10BD     		pop	{r4, pc}
 247              	.LVL10:
 248              	.L13:
 100:Src/usart.c   **** 
 249              		.loc 1 100 5 is_stmt 1 view .LVU66
 250 000c 064A     		ldr	r2, .L14+4
 251 000e 9369     		ldr	r3, [r2, #24]
 252 0010 0649     		ldr	r1, .L14+8
 253 0012 0B40     		ands	r3, r1
 254 0014 9361     		str	r3, [r2, #24]
 106:Src/usart.c   **** 
 255              		.loc 1 106 5 view .LVU67
 256 0016 C021     		movs	r1, #192
 257 0018 9020     		movs	r0, #144
 258              	.LVL11:
 106:Src/usart.c   **** 
 259              		.loc 1 106 5 is_stmt 0 view .LVU68
 260 001a C900     		lsls	r1, r1, #3
 261 001c C005     		lsls	r0, r0, #23
 262 001e FFF7FEFF 		bl	HAL_GPIO_DeInit
 263              	.LVL12:
 264              		.loc 1 112 1 view .LVU69
 265 0022 F2E7     		b	.L11
 266              	.L15:
ARM GAS  /var/folders/4h/7vm9s8w13t95ghm4btcrtdl80000gn/T//ccS5z1VD.s 			page 8


 267              		.align	2
 268              	.L14:
 269 0024 00380140 		.word	1073821696
 270 0028 00100240 		.word	1073876992
 271 002c FFBFFFFF 		.word	-16385
 272              		.cfi_endproc
 273              	.LFE45:
 275              		.section	.text._write,"ax",%progbits
 276              		.align	1
 277              		.global	_write
 278              		.syntax unified
 279              		.code	16
 280              		.thumb_func
 282              	_write:
 283              	.LVL13:
 284              	.LFB46:
 113:Src/usart.c   **** 
 114:Src/usart.c   **** /* USER CODE BEGIN 1 */
 115:Src/usart.c   **** 
 116:Src/usart.c   **** int _write(int file, const char *ptr, ssize_t len) {
 285              		.loc 1 116 52 is_stmt 1 view -0
 286              		.cfi_startproc
 287              		@ args = 0, pretend = 0, frame = 0
 288              		@ frame_needed = 0, uses_anonymous_args = 0
 289              		.loc 1 116 52 is_stmt 0 view .LVU71
 290 0000 10B5     		push	{r4, lr}
 291              	.LCFI4:
 292              		.cfi_def_cfa_offset 8
 293              		.cfi_offset 4, -8
 294              		.cfi_offset 14, -4
 295 0002 1400     		movs	r4, r2
 117:Src/usart.c   **** 	if (file != STDOUT_FILENO && file != STDERR_FILENO) {
 296              		.loc 1 117 2 is_stmt 1 view .LVU72
 297              		.loc 1 117 28 is_stmt 0 view .LVU73
 298 0004 0138     		subs	r0, r0, #1
 299              	.LVL14:
 300              		.loc 1 117 5 view .LVU74
 301 0006 0128     		cmp	r0, #1
 302 0008 07D8     		bhi	.L19
 118:Src/usart.c   **** 		errno = EIO;
 119:Src/usart.c   **** 		return -1;
 120:Src/usart.c   **** 	}
 121:Src/usart.c   **** 
 122:Src/usart.c   **** 	HAL_UART_Transmit(&huart1, (uint8_t*)ptr, len, HAL_MAX_DELAY);
 303              		.loc 1 122 2 is_stmt 1 view .LVU75
 304 000a 0123     		movs	r3, #1
 305 000c 92B2     		uxth	r2, r2
 306              	.LVL15:
 307              		.loc 1 122 2 is_stmt 0 view .LVU76
 308 000e 0648     		ldr	r0, .L20
 309              	.LVL16:
 310              		.loc 1 122 2 view .LVU77
 311 0010 5B42     		rsbs	r3, r3, #0
 312 0012 FFF7FEFF 		bl	HAL_UART_Transmit
 313              	.LVL17:
 123:Src/usart.c   **** 
 124:Src/usart.c   **** 	return len;
ARM GAS  /var/folders/4h/7vm9s8w13t95ghm4btcrtdl80000gn/T//ccS5z1VD.s 			page 9


 314              		.loc 1 124 2 is_stmt 1 view .LVU78
 315              		.loc 1 124 9 is_stmt 0 view .LVU79
 316 0016 2000     		movs	r0, r4
 317              	.L16:
 125:Src/usart.c   **** }
 318              		.loc 1 125 1 view .LVU80
 319              		@ sp needed
 320              	.LVL18:
 321              		.loc 1 125 1 view .LVU81
 322 0018 10BD     		pop	{r4, pc}
 323              	.LVL19:
 324              	.L19:
 118:Src/usart.c   **** 		errno = EIO;
 325              		.loc 1 118 3 is_stmt 1 view .LVU82
 326 001a FFF7FEFF 		bl	__errno
 327              	.LVL20:
 118:Src/usart.c   **** 		errno = EIO;
 328              		.loc 1 118 9 is_stmt 0 discriminator 1 view .LVU83
 329 001e 0523     		movs	r3, #5
 330 0020 0360     		str	r3, [r0]
 119:Src/usart.c   **** 	}
 331              		.loc 1 119 3 is_stmt 1 view .LVU84
 119:Src/usart.c   **** 	}
 332              		.loc 1 119 10 is_stmt 0 view .LVU85
 333 0022 0120     		movs	r0, #1
 334 0024 4042     		rsbs	r0, r0, #0
 335 0026 F7E7     		b	.L16
 336              	.L21:
 337              		.align	2
 338              	.L20:
 339 0028 00000000 		.word	huart1
 340              		.cfi_endproc
 341              	.LFE46:
 343              		.global	huart1
 344              		.section	.bss.huart1,"aw",%nobits
 345              		.align	2
 348              	huart1:
 349 0000 00000000 		.space	136
 349      00000000 
 349      00000000 
 349      00000000 
 349      00000000 
 350              		.text
 351              	.Letext0:
 352              		.file 2 "/Applications/ArmGNUToolchain/13.2.Rel1/arm-none-eabi/arm-none-eabi/include/machine/_defa
 353              		.file 3 "/Applications/ArmGNUToolchain/13.2.Rel1/arm-none-eabi/arm-none-eabi/include/sys/_stdint.h
 354              		.file 4 "Drivers/CMSIS/Device/ST/STM32F0xx/Include/stm32f051x8.h"
 355              		.file 5 "Drivers/STM32F0xx_HAL_Driver/Inc/stm32f0xx_hal_def.h"
 356              		.file 6 "Drivers/STM32F0xx_HAL_Driver/Inc/stm32f0xx_hal_gpio.h"
 357              		.file 7 "Drivers/STM32F0xx_HAL_Driver/Inc/stm32f0xx_hal_dma.h"
 358              		.file 8 "Drivers/STM32F0xx_HAL_Driver/Inc/stm32f0xx_hal_uart.h"
 359              		.file 9 "/Applications/ArmGNUToolchain/13.2.Rel1/arm-none-eabi/arm-none-eabi/include/sys/_types.h"
 360              		.file 10 "/Applications/ArmGNUToolchain/13.2.Rel1/arm-none-eabi/arm-none-eabi/include/stdio.h"
 361              		.file 11 "Inc/usart.h"
 362              		.file 12 "/Applications/ArmGNUToolchain/13.2.Rel1/arm-none-eabi/arm-none-eabi/include/sys/errno.h"
 363              		.file 13 "Inc/main.h"
 364              		.file 14 "<built-in>"
ARM GAS  /var/folders/4h/7vm9s8w13t95ghm4btcrtdl80000gn/T//ccS5z1VD.s 			page 10


ARM GAS  /var/folders/4h/7vm9s8w13t95ghm4btcrtdl80000gn/T//ccS5z1VD.s 			page 11


DEFINED SYMBOLS
                            *ABS*:00000000 usart.c
/var/folders/4h/7vm9s8w13t95ghm4btcrtdl80000gn/T//ccS5z1VD.s:19     .text.MX_USART1_UART_Init:00000000 $t
/var/folders/4h/7vm9s8w13t95ghm4btcrtdl80000gn/T//ccS5z1VD.s:25     .text.MX_USART1_UART_Init:00000000 MX_USART1_UART_Init
/var/folders/4h/7vm9s8w13t95ghm4btcrtdl80000gn/T//ccS5z1VD.s:92     .text.MX_USART1_UART_Init:00000034 $d
/var/folders/4h/7vm9s8w13t95ghm4btcrtdl80000gn/T//ccS5z1VD.s:348    .bss.huart1:00000000 huart1
/var/folders/4h/7vm9s8w13t95ghm4btcrtdl80000gn/T//ccS5z1VD.s:98     .text.HAL_UART_MspInit:00000000 $t
/var/folders/4h/7vm9s8w13t95ghm4btcrtdl80000gn/T//ccS5z1VD.s:104    .text.HAL_UART_MspInit:00000000 HAL_UART_MspInit
/var/folders/4h/7vm9s8w13t95ghm4btcrtdl80000gn/T//ccS5z1VD.s:210    .text.HAL_UART_MspInit:00000060 $d
/var/folders/4h/7vm9s8w13t95ghm4btcrtdl80000gn/T//ccS5z1VD.s:216    .text.HAL_UART_MspDeInit:00000000 $t
/var/folders/4h/7vm9s8w13t95ghm4btcrtdl80000gn/T//ccS5z1VD.s:222    .text.HAL_UART_MspDeInit:00000000 HAL_UART_MspDeInit
/var/folders/4h/7vm9s8w13t95ghm4btcrtdl80000gn/T//ccS5z1VD.s:269    .text.HAL_UART_MspDeInit:00000024 $d
/var/folders/4h/7vm9s8w13t95ghm4btcrtdl80000gn/T//ccS5z1VD.s:276    .text._write:00000000 $t
/var/folders/4h/7vm9s8w13t95ghm4btcrtdl80000gn/T//ccS5z1VD.s:282    .text._write:00000000 _write
/var/folders/4h/7vm9s8w13t95ghm4btcrtdl80000gn/T//ccS5z1VD.s:339    .text._write:00000028 $d
/var/folders/4h/7vm9s8w13t95ghm4btcrtdl80000gn/T//ccS5z1VD.s:345    .bss.huart1:00000000 $d

UNDEFINED SYMBOLS
HAL_UART_Init
Error_Handler
memset
HAL_GPIO_Init
HAL_GPIO_DeInit
HAL_UART_Transmit
__errno
