ARM GAS  /var/folders/4h/7vm9s8w13t95ghm4btcrtdl80000gn/T//cclxYZjh.s 			page 1


   1              		.cpu cortex-m0
   2              		.arch armv6s-m
   3              		.fpu softvfp
   4              		.eabi_attribute 20, 1
   5              		.eabi_attribute 21, 1
   6              		.eabi_attribute 23, 3
   7              		.eabi_attribute 24, 1
   8              		.eabi_attribute 25, 1
   9              		.eabi_attribute 26, 1
  10              		.eabi_attribute 30, 1
  11              		.eabi_attribute 34, 0
  12              		.eabi_attribute 18, 4
  13              		.file	"gpio.c"
  14              		.text
  15              	.Ltext0:
  16              		.cfi_sections	.debug_frame
  17              		.file 1 "Src/gpio.c"
  18              		.section	.text.MX_GPIO_Init,"ax",%progbits
  19              		.align	1
  20              		.global	MX_GPIO_Init
  21              		.syntax unified
  22              		.code	16
  23              		.thumb_func
  25              	MX_GPIO_Init:
  26              	.LFB43:
   1:Src/gpio.c    **** /* USER CODE BEGIN Header */
   2:Src/gpio.c    **** /**
   3:Src/gpio.c    ****   ******************************************************************************
   4:Src/gpio.c    ****   * @file    gpio.c
   5:Src/gpio.c    ****   * @brief   This file provides code for the configuration
   6:Src/gpio.c    ****   *          of all used GPIO pins.
   7:Src/gpio.c    ****   ******************************************************************************
   8:Src/gpio.c    ****   * @attention
   9:Src/gpio.c    ****   *
  10:Src/gpio.c    ****   * Copyright (c) 2024 STMicroelectronics.
  11:Src/gpio.c    ****   * All rights reserved.
  12:Src/gpio.c    ****   *
  13:Src/gpio.c    ****   * This software is licensed under terms that can be found in the LICENSE file
  14:Src/gpio.c    ****   * in the root directory of this software component.
  15:Src/gpio.c    ****   * If no LICENSE file comes with this software, it is provided AS-IS.
  16:Src/gpio.c    ****   *
  17:Src/gpio.c    ****   ******************************************************************************
  18:Src/gpio.c    ****   */
  19:Src/gpio.c    **** /* USER CODE END Header */
  20:Src/gpio.c    **** 
  21:Src/gpio.c    **** /* Includes ------------------------------------------------------------------*/
  22:Src/gpio.c    **** #include "gpio.h"
  23:Src/gpio.c    **** 
  24:Src/gpio.c    **** /* USER CODE BEGIN 0 */
  25:Src/gpio.c    **** 
  26:Src/gpio.c    **** /* USER CODE END 0 */
  27:Src/gpio.c    **** 
  28:Src/gpio.c    **** /*----------------------------------------------------------------------------*/
  29:Src/gpio.c    **** /* Configure GPIO                                                             */
  30:Src/gpio.c    **** /*----------------------------------------------------------------------------*/
  31:Src/gpio.c    **** /* USER CODE BEGIN 1 */
  32:Src/gpio.c    **** 
ARM GAS  /var/folders/4h/7vm9s8w13t95ghm4btcrtdl80000gn/T//cclxYZjh.s 			page 2


  33:Src/gpio.c    **** /* USER CODE END 1 */
  34:Src/gpio.c    **** 
  35:Src/gpio.c    **** /** Configure pins as
  36:Src/gpio.c    ****         * Analog
  37:Src/gpio.c    ****         * Input
  38:Src/gpio.c    ****         * Output
  39:Src/gpio.c    ****         * EVENT_OUT
  40:Src/gpio.c    ****         * EXTI
  41:Src/gpio.c    **** */
  42:Src/gpio.c    **** void MX_GPIO_Init(void)
  43:Src/gpio.c    **** {
  27              		.loc 1 43 1 view -0
  28              		.cfi_startproc
  29              		@ args = 0, pretend = 0, frame = 32
  30              		@ frame_needed = 0, uses_anonymous_args = 0
  31 0000 F0B5     		push	{r4, r5, r6, r7, lr}
  32              	.LCFI0:
  33              		.cfi_def_cfa_offset 20
  34              		.cfi_offset 4, -20
  35              		.cfi_offset 5, -16
  36              		.cfi_offset 6, -12
  37              		.cfi_offset 7, -8
  38              		.cfi_offset 14, -4
  39 0002 89B0     		sub	sp, sp, #36
  40              	.LCFI1:
  41              		.cfi_def_cfa_offset 56
  44:Src/gpio.c    **** 
  45:Src/gpio.c    ****   GPIO_InitTypeDef GPIO_InitStruct = {0};
  42              		.loc 1 45 3 view .LVU1
  43              		.loc 1 45 20 is_stmt 0 view .LVU2
  44 0004 1422     		movs	r2, #20
  45 0006 0021     		movs	r1, #0
  46 0008 03A8     		add	r0, sp, #12
  47 000a FFF7FEFF 		bl	memset
  48              	.LVL0:
  46:Src/gpio.c    **** 
  47:Src/gpio.c    ****   /* GPIO Ports Clock Enable */
  48:Src/gpio.c    ****   __HAL_RCC_GPIOA_CLK_ENABLE();
  49              		.loc 1 48 3 is_stmt 1 view .LVU3
  50              	.LBB2:
  51              		.loc 1 48 3 view .LVU4
  52              		.loc 1 48 3 view .LVU5
  53 000e 184B     		ldr	r3, .L2
  54 0010 5A69     		ldr	r2, [r3, #20]
  55 0012 8021     		movs	r1, #128
  56 0014 8902     		lsls	r1, r1, #10
  57 0016 0A43     		orrs	r2, r1
  58 0018 5A61     		str	r2, [r3, #20]
  59              		.loc 1 48 3 view .LVU6
  60 001a 5A69     		ldr	r2, [r3, #20]
  61 001c 0A40     		ands	r2, r1
  62 001e 0192     		str	r2, [sp, #4]
  63              		.loc 1 48 3 view .LVU7
  64 0020 019A     		ldr	r2, [sp, #4]
  65              	.LBE2:
  66              		.loc 1 48 3 view .LVU8
  49:Src/gpio.c    ****   __HAL_RCC_GPIOC_CLK_ENABLE();
ARM GAS  /var/folders/4h/7vm9s8w13t95ghm4btcrtdl80000gn/T//cclxYZjh.s 			page 3


  67              		.loc 1 49 3 view .LVU9
  68              	.LBB3:
  69              		.loc 1 49 3 view .LVU10
  70              		.loc 1 49 3 view .LVU11
  71 0022 5A69     		ldr	r2, [r3, #20]
  72 0024 8021     		movs	r1, #128
  73 0026 0903     		lsls	r1, r1, #12
  74 0028 0A43     		orrs	r2, r1
  75 002a 5A61     		str	r2, [r3, #20]
  76              		.loc 1 49 3 view .LVU12
  77 002c 5B69     		ldr	r3, [r3, #20]
  78 002e 0B40     		ands	r3, r1
  79 0030 0293     		str	r3, [sp, #8]
  80              		.loc 1 49 3 view .LVU13
  81 0032 029B     		ldr	r3, [sp, #8]
  82              	.LBE3:
  83              		.loc 1 49 3 view .LVU14
  50:Src/gpio.c    **** 
  51:Src/gpio.c    ****   /*Configure GPIO pin Output Level */
  52:Src/gpio.c    ****   HAL_GPIO_WritePin(LD4_GPIO_Port, LD4_Pin, GPIO_PIN_RESET);
  84              		.loc 1 52 3 view .LVU15
  85 0034 8027     		movs	r7, #128
  86 0036 7F00     		lsls	r7, r7, #1
  87 0038 0E4D     		ldr	r5, .L2+4
  88 003a 0022     		movs	r2, #0
  89 003c 3900     		movs	r1, r7
  90 003e 2800     		movs	r0, r5
  91 0040 FFF7FEFF 		bl	HAL_GPIO_WritePin
  92              	.LVL1:
  53:Src/gpio.c    **** 
  54:Src/gpio.c    ****   /*Configure GPIO pin : PtPin */
  55:Src/gpio.c    ****   GPIO_InitStruct.Pin = B1_Pin;
  93              		.loc 1 55 3 view .LVU16
  94              		.loc 1 55 23 is_stmt 0 view .LVU17
  95 0044 0126     		movs	r6, #1
  96 0046 0396     		str	r6, [sp, #12]
  56:Src/gpio.c    ****   GPIO_InitStruct.Mode = GPIO_MODE_EVT_RISING;
  97              		.loc 1 56 3 is_stmt 1 view .LVU18
  98              		.loc 1 56 24 is_stmt 0 view .LVU19
  99 0048 9023     		movs	r3, #144
 100 004a 5B03     		lsls	r3, r3, #13
 101 004c 0493     		str	r3, [sp, #16]
  57:Src/gpio.c    ****   GPIO_InitStruct.Pull = GPIO_NOPULL;
 102              		.loc 1 57 3 is_stmt 1 view .LVU20
 103              		.loc 1 57 24 is_stmt 0 view .LVU21
 104 004e 0024     		movs	r4, #0
 105 0050 0594     		str	r4, [sp, #20]
  58:Src/gpio.c    ****   HAL_GPIO_Init(B1_GPIO_Port, &GPIO_InitStruct);
 106              		.loc 1 58 3 is_stmt 1 view .LVU22
 107 0052 9020     		movs	r0, #144
 108 0054 03A9     		add	r1, sp, #12
 109 0056 C005     		lsls	r0, r0, #23
 110 0058 FFF7FEFF 		bl	HAL_GPIO_Init
 111              	.LVL2:
  59:Src/gpio.c    **** 
  60:Src/gpio.c    ****   /*Configure GPIO pin : PtPin */
  61:Src/gpio.c    ****   GPIO_InitStruct.Pin = LD4_Pin;
ARM GAS  /var/folders/4h/7vm9s8w13t95ghm4btcrtdl80000gn/T//cclxYZjh.s 			page 4


 112              		.loc 1 61 3 view .LVU23
 113              		.loc 1 61 23 is_stmt 0 view .LVU24
 114 005c 0397     		str	r7, [sp, #12]
  62:Src/gpio.c    ****   GPIO_InitStruct.Mode = GPIO_MODE_OUTPUT_PP;
 115              		.loc 1 62 3 is_stmt 1 view .LVU25
 116              		.loc 1 62 24 is_stmt 0 view .LVU26
 117 005e 0496     		str	r6, [sp, #16]
  63:Src/gpio.c    ****   GPIO_InitStruct.Pull = GPIO_NOPULL;
 118              		.loc 1 63 3 is_stmt 1 view .LVU27
 119              		.loc 1 63 24 is_stmt 0 view .LVU28
 120 0060 0594     		str	r4, [sp, #20]
  64:Src/gpio.c    ****   GPIO_InitStruct.Speed = GPIO_SPEED_FREQ_LOW;
 121              		.loc 1 64 3 is_stmt 1 view .LVU29
 122              		.loc 1 64 25 is_stmt 0 view .LVU30
 123 0062 0694     		str	r4, [sp, #24]
  65:Src/gpio.c    ****   HAL_GPIO_Init(LD4_GPIO_Port, &GPIO_InitStruct);
 124              		.loc 1 65 3 is_stmt 1 view .LVU31
 125 0064 03A9     		add	r1, sp, #12
 126 0066 2800     		movs	r0, r5
 127 0068 FFF7FEFF 		bl	HAL_GPIO_Init
 128              	.LVL3:
  66:Src/gpio.c    **** 
  67:Src/gpio.c    **** }
 129              		.loc 1 67 1 is_stmt 0 view .LVU32
 130 006c 09B0     		add	sp, sp, #36
 131              		@ sp needed
 132 006e F0BD     		pop	{r4, r5, r6, r7, pc}
 133              	.L3:
 134              		.align	2
 135              	.L2:
 136 0070 00100240 		.word	1073876992
 137 0074 00080048 		.word	1207961600
 138              		.cfi_endproc
 139              	.LFE43:
 141              		.text
 142              	.Letext0:
 143              		.file 2 "/Applications/ArmGNUToolchain/13.2.Rel1/arm-none-eabi/arm-none-eabi/include/machine/_defa
 144              		.file 3 "/Applications/ArmGNUToolchain/13.2.Rel1/arm-none-eabi/arm-none-eabi/include/sys/_stdint.h
 145              		.file 4 "Drivers/CMSIS/Device/ST/STM32F0xx/Include/stm32f051x8.h"
 146              		.file 5 "Drivers/STM32F0xx_HAL_Driver/Inc/stm32f0xx_hal_gpio.h"
 147              		.file 6 "<built-in>"
ARM GAS  /var/folders/4h/7vm9s8w13t95ghm4btcrtdl80000gn/T//cclxYZjh.s 			page 5


DEFINED SYMBOLS
                            *ABS*:00000000 gpio.c
/var/folders/4h/7vm9s8w13t95ghm4btcrtdl80000gn/T//cclxYZjh.s:19     .text.MX_GPIO_Init:00000000 $t
/var/folders/4h/7vm9s8w13t95ghm4btcrtdl80000gn/T//cclxYZjh.s:25     .text.MX_GPIO_Init:00000000 MX_GPIO_Init
/var/folders/4h/7vm9s8w13t95ghm4btcrtdl80000gn/T//cclxYZjh.s:136    .text.MX_GPIO_Init:00000070 $d

UNDEFINED SYMBOLS
memset
HAL_GPIO_WritePin
HAL_GPIO_Init
