ARM GAS  /var/folders/4h/7vm9s8w13t95ghm4btcrtdl80000gn/T//ccWsQp8A.s 			page 1


   1              		.cpu cortex-m0
   2              		.arch armv6s-m
   3              		.fpu softvfp
   4              		.eabi_attribute 20, 1
   5              		.eabi_attribute 21, 1
   6              		.eabi_attribute 23, 3
   7              		.eabi_attribute 24, 1
   8              		.eabi_attribute 25, 1
   9              		.eabi_attribute 26, 1
  10              		.eabi_attribute 30, 1
  11              		.eabi_attribute 34, 0
  12              		.eabi_attribute 18, 4
  13              		.file	"main.c"
  14              		.text
  15              	.Ltext0:
  16              		.cfi_sections	.debug_frame
  17              		.file 1 "Src/main.c"
  18              		.section	.text.Error_Handler,"ax",%progbits
  19              		.align	1
  20              		.global	Error_Handler
  21              		.syntax unified
  22              		.code	16
  23              		.thumb_func
  25              	Error_Handler:
  26              	.LFB45:
   1:Src/main.c    **** /* USER CODE BEGIN Header */
   2:Src/main.c    **** /**
   3:Src/main.c    ****   ******************************************************************************
   4:Src/main.c    ****   * @file           : main.c
   5:Src/main.c    ****   * @brief          : Main program body
   6:Src/main.c    ****   ******************************************************************************
   7:Src/main.c    ****   * @attention
   8:Src/main.c    ****   *
   9:Src/main.c    ****   * Copyright (c) 2024 STMicroelectronics.
  10:Src/main.c    ****   * All rights reserved.
  11:Src/main.c    ****   *
  12:Src/main.c    ****   * This software is licensed under terms that can be found in the LICENSE file
  13:Src/main.c    ****   * in the root directory of this software component.
  14:Src/main.c    ****   * If no LICENSE file comes with this software, it is provided AS-IS.
  15:Src/main.c    ****   *
  16:Src/main.c    ****   ******************************************************************************
  17:Src/main.c    ****   */
  18:Src/main.c    **** /* USER CODE END Header */
  19:Src/main.c    **** /* Includes ------------------------------------------------------------------*/
  20:Src/main.c    **** #include "main.h"
  21:Src/main.c    **** #include "usart.h"
  22:Src/main.c    **** #include "gpio.h"
  23:Src/main.c    **** 
  24:Src/main.c    **** /* Private includes ----------------------------------------------------------*/
  25:Src/main.c    **** /* USER CODE BEGIN Includes */
  26:Src/main.c    **** 
  27:Src/main.c    **** /* USER CODE END Includes */
  28:Src/main.c    **** 
  29:Src/main.c    **** /* Private typedef -----------------------------------------------------------*/
  30:Src/main.c    **** /* USER CODE BEGIN PTD */
  31:Src/main.c    **** 
  32:Src/main.c    **** /* USER CODE END PTD */
ARM GAS  /var/folders/4h/7vm9s8w13t95ghm4btcrtdl80000gn/T//ccWsQp8A.s 			page 2


  33:Src/main.c    **** 
  34:Src/main.c    **** /* Private define ------------------------------------------------------------*/
  35:Src/main.c    **** /* USER CODE BEGIN PD */
  36:Src/main.c    **** 
  37:Src/main.c    **** /* USER CODE END PD */
  38:Src/main.c    **** 
  39:Src/main.c    **** /* Private macro -------------------------------------------------------------*/
  40:Src/main.c    **** /* USER CODE BEGIN PM */
  41:Src/main.c    **** 
  42:Src/main.c    **** /* USER CODE END PM */
  43:Src/main.c    **** 
  44:Src/main.c    **** /* Private variables ---------------------------------------------------------*/
  45:Src/main.c    **** 
  46:Src/main.c    **** /* USER CODE BEGIN PV */
  47:Src/main.c    **** 
  48:Src/main.c    **** /* USER CODE END PV */
  49:Src/main.c    **** 
  50:Src/main.c    **** /* Private function prototypes -----------------------------------------------*/
  51:Src/main.c    **** void SystemClock_Config(void);
  52:Src/main.c    **** /* USER CODE BEGIN PFP */
  53:Src/main.c    **** 
  54:Src/main.c    **** /* USER CODE END PFP */
  55:Src/main.c    **** 
  56:Src/main.c    **** /* Private user code ---------------------------------------------------------*/
  57:Src/main.c    **** /* USER CODE BEGIN 0 */
  58:Src/main.c    **** 
  59:Src/main.c    **** /* USER CODE END 0 */
  60:Src/main.c    **** 
  61:Src/main.c    **** /**
  62:Src/main.c    ****   * @brief  The application entry point.
  63:Src/main.c    ****   * @retval int
  64:Src/main.c    ****   */
  65:Src/main.c    **** int main(void) {
  66:Src/main.c    **** 
  67:Src/main.c    **** 	HAL_Init();
  68:Src/main.c    **** 	SystemClock_Config();
  69:Src/main.c    **** 	MX_GPIO_Init();
  70:Src/main.c    **** 	MX_USART1_UART_Init();
  71:Src/main.c    **** 
  72:Src/main.c    **** 	while (1) {
  73:Src/main.c    **** 
  74:Src/main.c    **** 		printf("LED on\r\n");
  75:Src/main.c    **** 		HAL_GPIO_WritePin(LD4_GPIO_Port, LD4_Pin, GPIO_PIN_SET);
  76:Src/main.c    **** 		HAL_Delay(1000);
  77:Src/main.c    **** 		printf("LED off\r\n");
  78:Src/main.c    **** 		HAL_GPIO_WritePin(LD4_GPIO_Port, LD4_Pin, GPIO_PIN_RESET);
  79:Src/main.c    **** 		HAL_Delay(1000);
  80:Src/main.c    **** 
  81:Src/main.c    **** 	}
  82:Src/main.c    **** 
  83:Src/main.c    **** }
  84:Src/main.c    **** 
  85:Src/main.c    **** /**
  86:Src/main.c    ****   * @brief System Clock Configuration
  87:Src/main.c    ****   * @retval None
  88:Src/main.c    ****   */
  89:Src/main.c    **** void SystemClock_Config(void)
ARM GAS  /var/folders/4h/7vm9s8w13t95ghm4btcrtdl80000gn/T//ccWsQp8A.s 			page 3


  90:Src/main.c    **** {
  91:Src/main.c    ****   RCC_OscInitTypeDef RCC_OscInitStruct = {0};
  92:Src/main.c    ****   RCC_ClkInitTypeDef RCC_ClkInitStruct = {0};
  93:Src/main.c    ****   RCC_PeriphCLKInitTypeDef PeriphClkInit = {0};
  94:Src/main.c    **** 
  95:Src/main.c    ****   /** Initializes the RCC Oscillators according to the specified parameters
  96:Src/main.c    ****   * in the RCC_OscInitTypeDef structure.
  97:Src/main.c    ****   */
  98:Src/main.c    ****   RCC_OscInitStruct.OscillatorType = RCC_OSCILLATORTYPE_HSI;
  99:Src/main.c    ****   RCC_OscInitStruct.HSIState = RCC_HSI_ON;
 100:Src/main.c    ****   RCC_OscInitStruct.HSICalibrationValue = RCC_HSICALIBRATION_DEFAULT;
 101:Src/main.c    ****   RCC_OscInitStruct.PLL.PLLState = RCC_PLL_ON;
 102:Src/main.c    ****   RCC_OscInitStruct.PLL.PLLSource = RCC_PLLSOURCE_HSI;
 103:Src/main.c    ****   RCC_OscInitStruct.PLL.PLLMUL = RCC_PLL_MUL12;
 104:Src/main.c    ****   RCC_OscInitStruct.PLL.PREDIV = RCC_PREDIV_DIV1;
 105:Src/main.c    ****   if (HAL_RCC_OscConfig(&RCC_OscInitStruct) != HAL_OK)
 106:Src/main.c    ****   {
 107:Src/main.c    ****     Error_Handler();
 108:Src/main.c    ****   }
 109:Src/main.c    **** 
 110:Src/main.c    ****   /** Initializes the CPU, AHB and APB buses clocks
 111:Src/main.c    ****   */
 112:Src/main.c    ****   RCC_ClkInitStruct.ClockType = RCC_CLOCKTYPE_HCLK|RCC_CLOCKTYPE_SYSCLK
 113:Src/main.c    ****                               |RCC_CLOCKTYPE_PCLK1;
 114:Src/main.c    ****   RCC_ClkInitStruct.SYSCLKSource = RCC_SYSCLKSOURCE_PLLCLK;
 115:Src/main.c    ****   RCC_ClkInitStruct.AHBCLKDivider = RCC_SYSCLK_DIV1;
 116:Src/main.c    ****   RCC_ClkInitStruct.APB1CLKDivider = RCC_HCLK_DIV1;
 117:Src/main.c    **** 
 118:Src/main.c    ****   if (HAL_RCC_ClockConfig(&RCC_ClkInitStruct, FLASH_LATENCY_1) != HAL_OK)
 119:Src/main.c    ****   {
 120:Src/main.c    ****     Error_Handler();
 121:Src/main.c    ****   }
 122:Src/main.c    ****   PeriphClkInit.PeriphClockSelection = RCC_PERIPHCLK_USART1;
 123:Src/main.c    ****   PeriphClkInit.Usart1ClockSelection = RCC_USART1CLKSOURCE_PCLK1;
 124:Src/main.c    ****   if (HAL_RCCEx_PeriphCLKConfig(&PeriphClkInit) != HAL_OK)
 125:Src/main.c    ****   {
 126:Src/main.c    ****     Error_Handler();
 127:Src/main.c    ****   }
 128:Src/main.c    **** }
 129:Src/main.c    **** 
 130:Src/main.c    **** /* USER CODE BEGIN 4 */
 131:Src/main.c    **** 
 132:Src/main.c    **** /* USER CODE END 4 */
 133:Src/main.c    **** 
 134:Src/main.c    **** /**
 135:Src/main.c    ****   * @brief  This function is executed in case of error occurrence.
 136:Src/main.c    ****   * @retval None
 137:Src/main.c    ****   */
 138:Src/main.c    **** void Error_Handler(void)
 139:Src/main.c    **** {
  27              		.loc 1 139 1 view -0
  28              		.cfi_startproc
  29              		@ Volatile: function does not return.
  30              		@ args = 0, pretend = 0, frame = 0
  31              		@ frame_needed = 0, uses_anonymous_args = 0
  32              		@ link register save eliminated.
 140:Src/main.c    ****   /* USER CODE BEGIN Error_Handler_Debug */
ARM GAS  /var/folders/4h/7vm9s8w13t95ghm4btcrtdl80000gn/T//ccWsQp8A.s 			page 4


 141:Src/main.c    ****   /* User can add his own implementation to report the HAL error return state */
 142:Src/main.c    ****   __disable_irq();
  33              		.loc 1 142 3 view .LVU1
  34              	.LBB4:
  35              	.LBI4:
  36              		.file 2 "Drivers/CMSIS/Include/cmsis_gcc.h"
   1:Drivers/CMSIS/Include/cmsis_gcc.h **** /**************************************************************************//**
   2:Drivers/CMSIS/Include/cmsis_gcc.h ****  * @file     cmsis_gcc.h
   3:Drivers/CMSIS/Include/cmsis_gcc.h ****  * @brief    CMSIS compiler GCC header file
   4:Drivers/CMSIS/Include/cmsis_gcc.h ****  * @version  V5.0.4
   5:Drivers/CMSIS/Include/cmsis_gcc.h ****  * @date     09. April 2018
   6:Drivers/CMSIS/Include/cmsis_gcc.h ****  ******************************************************************************/
   7:Drivers/CMSIS/Include/cmsis_gcc.h **** /*
   8:Drivers/CMSIS/Include/cmsis_gcc.h ****  * Copyright (c) 2009-2018 Arm Limited. All rights reserved.
   9:Drivers/CMSIS/Include/cmsis_gcc.h ****  *
  10:Drivers/CMSIS/Include/cmsis_gcc.h ****  * SPDX-License-Identifier: Apache-2.0
  11:Drivers/CMSIS/Include/cmsis_gcc.h ****  *
  12:Drivers/CMSIS/Include/cmsis_gcc.h ****  * Licensed under the Apache License, Version 2.0 (the License); you may
  13:Drivers/CMSIS/Include/cmsis_gcc.h ****  * not use this file except in compliance with the License.
  14:Drivers/CMSIS/Include/cmsis_gcc.h ****  * You may obtain a copy of the License at
  15:Drivers/CMSIS/Include/cmsis_gcc.h ****  *
  16:Drivers/CMSIS/Include/cmsis_gcc.h ****  * www.apache.org/licenses/LICENSE-2.0
  17:Drivers/CMSIS/Include/cmsis_gcc.h ****  *
  18:Drivers/CMSIS/Include/cmsis_gcc.h ****  * Unless required by applicable law or agreed to in writing, software
  19:Drivers/CMSIS/Include/cmsis_gcc.h ****  * distributed under the License is distributed on an AS IS BASIS, WITHOUT
  20:Drivers/CMSIS/Include/cmsis_gcc.h ****  * WARRANTIES OR CONDITIONS OF ANY KIND, either express or implied.
  21:Drivers/CMSIS/Include/cmsis_gcc.h ****  * See the License for the specific language governing permissions and
  22:Drivers/CMSIS/Include/cmsis_gcc.h ****  * limitations under the License.
  23:Drivers/CMSIS/Include/cmsis_gcc.h ****  */
  24:Drivers/CMSIS/Include/cmsis_gcc.h **** 
  25:Drivers/CMSIS/Include/cmsis_gcc.h **** #ifndef __CMSIS_GCC_H
  26:Drivers/CMSIS/Include/cmsis_gcc.h **** #define __CMSIS_GCC_H
  27:Drivers/CMSIS/Include/cmsis_gcc.h **** 
  28:Drivers/CMSIS/Include/cmsis_gcc.h **** /* ignore some GCC warnings */
  29:Drivers/CMSIS/Include/cmsis_gcc.h **** #pragma GCC diagnostic push
  30:Drivers/CMSIS/Include/cmsis_gcc.h **** #pragma GCC diagnostic ignored "-Wsign-conversion"
  31:Drivers/CMSIS/Include/cmsis_gcc.h **** #pragma GCC diagnostic ignored "-Wconversion"
  32:Drivers/CMSIS/Include/cmsis_gcc.h **** #pragma GCC diagnostic ignored "-Wunused-parameter"
  33:Drivers/CMSIS/Include/cmsis_gcc.h **** 
  34:Drivers/CMSIS/Include/cmsis_gcc.h **** /* Fallback for __has_builtin */
  35:Drivers/CMSIS/Include/cmsis_gcc.h **** #ifndef __has_builtin
  36:Drivers/CMSIS/Include/cmsis_gcc.h ****   #define __has_builtin(x) (0)
  37:Drivers/CMSIS/Include/cmsis_gcc.h **** #endif
  38:Drivers/CMSIS/Include/cmsis_gcc.h **** 
  39:Drivers/CMSIS/Include/cmsis_gcc.h **** /* CMSIS compiler specific defines */
  40:Drivers/CMSIS/Include/cmsis_gcc.h **** #ifndef   __ASM
  41:Drivers/CMSIS/Include/cmsis_gcc.h ****   #define __ASM                                  __asm
  42:Drivers/CMSIS/Include/cmsis_gcc.h **** #endif
  43:Drivers/CMSIS/Include/cmsis_gcc.h **** #ifndef   __INLINE
  44:Drivers/CMSIS/Include/cmsis_gcc.h ****   #define __INLINE                               inline
  45:Drivers/CMSIS/Include/cmsis_gcc.h **** #endif
  46:Drivers/CMSIS/Include/cmsis_gcc.h **** #ifndef   __STATIC_INLINE
  47:Drivers/CMSIS/Include/cmsis_gcc.h ****   #define __STATIC_INLINE                        static inline
  48:Drivers/CMSIS/Include/cmsis_gcc.h **** #endif
  49:Drivers/CMSIS/Include/cmsis_gcc.h **** #ifndef   __STATIC_FORCEINLINE                 
  50:Drivers/CMSIS/Include/cmsis_gcc.h ****   #define __STATIC_FORCEINLINE                   __attribute__((always_inline)) static inline
  51:Drivers/CMSIS/Include/cmsis_gcc.h **** #endif                                           
ARM GAS  /var/folders/4h/7vm9s8w13t95ghm4btcrtdl80000gn/T//ccWsQp8A.s 			page 5


  52:Drivers/CMSIS/Include/cmsis_gcc.h **** #ifndef   __NO_RETURN
  53:Drivers/CMSIS/Include/cmsis_gcc.h ****   #define __NO_RETURN                            __attribute__((__noreturn__))
  54:Drivers/CMSIS/Include/cmsis_gcc.h **** #endif
  55:Drivers/CMSIS/Include/cmsis_gcc.h **** #ifndef   __USED
  56:Drivers/CMSIS/Include/cmsis_gcc.h ****   #define __USED                                 __attribute__((used))
  57:Drivers/CMSIS/Include/cmsis_gcc.h **** #endif
  58:Drivers/CMSIS/Include/cmsis_gcc.h **** #ifndef   __WEAK
  59:Drivers/CMSIS/Include/cmsis_gcc.h ****   #define __WEAK                                 __attribute__((weak))
  60:Drivers/CMSIS/Include/cmsis_gcc.h **** #endif
  61:Drivers/CMSIS/Include/cmsis_gcc.h **** #ifndef   __PACKED
  62:Drivers/CMSIS/Include/cmsis_gcc.h ****   #define __PACKED                               __attribute__((packed, aligned(1)))
  63:Drivers/CMSIS/Include/cmsis_gcc.h **** #endif
  64:Drivers/CMSIS/Include/cmsis_gcc.h **** #ifndef   __PACKED_STRUCT
  65:Drivers/CMSIS/Include/cmsis_gcc.h ****   #define __PACKED_STRUCT                        struct __attribute__((packed, aligned(1)))
  66:Drivers/CMSIS/Include/cmsis_gcc.h **** #endif
  67:Drivers/CMSIS/Include/cmsis_gcc.h **** #ifndef   __PACKED_UNION
  68:Drivers/CMSIS/Include/cmsis_gcc.h ****   #define __PACKED_UNION                         union __attribute__((packed, aligned(1)))
  69:Drivers/CMSIS/Include/cmsis_gcc.h **** #endif
  70:Drivers/CMSIS/Include/cmsis_gcc.h **** #ifndef   __UNALIGNED_UINT32        /* deprecated */
  71:Drivers/CMSIS/Include/cmsis_gcc.h ****   #pragma GCC diagnostic push
  72:Drivers/CMSIS/Include/cmsis_gcc.h ****   #pragma GCC diagnostic ignored "-Wpacked"
  73:Drivers/CMSIS/Include/cmsis_gcc.h ****   #pragma GCC diagnostic ignored "-Wattributes"
  74:Drivers/CMSIS/Include/cmsis_gcc.h ****   struct __attribute__((packed)) T_UINT32 { uint32_t v; };
  75:Drivers/CMSIS/Include/cmsis_gcc.h ****   #pragma GCC diagnostic pop
  76:Drivers/CMSIS/Include/cmsis_gcc.h ****   #define __UNALIGNED_UINT32(x)                  (((struct T_UINT32 *)(x))->v)
  77:Drivers/CMSIS/Include/cmsis_gcc.h **** #endif
  78:Drivers/CMSIS/Include/cmsis_gcc.h **** #ifndef   __UNALIGNED_UINT16_WRITE
  79:Drivers/CMSIS/Include/cmsis_gcc.h ****   #pragma GCC diagnostic push
  80:Drivers/CMSIS/Include/cmsis_gcc.h ****   #pragma GCC diagnostic ignored "-Wpacked"
  81:Drivers/CMSIS/Include/cmsis_gcc.h ****   #pragma GCC diagnostic ignored "-Wattributes"
  82:Drivers/CMSIS/Include/cmsis_gcc.h ****   __PACKED_STRUCT T_UINT16_WRITE { uint16_t v; };
  83:Drivers/CMSIS/Include/cmsis_gcc.h ****   #pragma GCC diagnostic pop
  84:Drivers/CMSIS/Include/cmsis_gcc.h ****   #define __UNALIGNED_UINT16_WRITE(addr, val)    (void)((((struct T_UINT16_WRITE *)(void *)(addr))-
  85:Drivers/CMSIS/Include/cmsis_gcc.h **** #endif
  86:Drivers/CMSIS/Include/cmsis_gcc.h **** #ifndef   __UNALIGNED_UINT16_READ
  87:Drivers/CMSIS/Include/cmsis_gcc.h ****   #pragma GCC diagnostic push
  88:Drivers/CMSIS/Include/cmsis_gcc.h ****   #pragma GCC diagnostic ignored "-Wpacked"
  89:Drivers/CMSIS/Include/cmsis_gcc.h ****   #pragma GCC diagnostic ignored "-Wattributes"
  90:Drivers/CMSIS/Include/cmsis_gcc.h ****   __PACKED_STRUCT T_UINT16_READ { uint16_t v; };
  91:Drivers/CMSIS/Include/cmsis_gcc.h ****   #pragma GCC diagnostic pop
  92:Drivers/CMSIS/Include/cmsis_gcc.h ****   #define __UNALIGNED_UINT16_READ(addr)          (((const struct T_UINT16_READ *)(const void *)(add
  93:Drivers/CMSIS/Include/cmsis_gcc.h **** #endif
  94:Drivers/CMSIS/Include/cmsis_gcc.h **** #ifndef   __UNALIGNED_UINT32_WRITE
  95:Drivers/CMSIS/Include/cmsis_gcc.h ****   #pragma GCC diagnostic push
  96:Drivers/CMSIS/Include/cmsis_gcc.h ****   #pragma GCC diagnostic ignored "-Wpacked"
  97:Drivers/CMSIS/Include/cmsis_gcc.h ****   #pragma GCC diagnostic ignored "-Wattributes"
  98:Drivers/CMSIS/Include/cmsis_gcc.h ****   __PACKED_STRUCT T_UINT32_WRITE { uint32_t v; };
  99:Drivers/CMSIS/Include/cmsis_gcc.h ****   #pragma GCC diagnostic pop
 100:Drivers/CMSIS/Include/cmsis_gcc.h ****   #define __UNALIGNED_UINT32_WRITE(addr, val)    (void)((((struct T_UINT32_WRITE *)(void *)(addr))-
 101:Drivers/CMSIS/Include/cmsis_gcc.h **** #endif
 102:Drivers/CMSIS/Include/cmsis_gcc.h **** #ifndef   __UNALIGNED_UINT32_READ
 103:Drivers/CMSIS/Include/cmsis_gcc.h ****   #pragma GCC diagnostic push
 104:Drivers/CMSIS/Include/cmsis_gcc.h ****   #pragma GCC diagnostic ignored "-Wpacked"
 105:Drivers/CMSIS/Include/cmsis_gcc.h ****   #pragma GCC diagnostic ignored "-Wattributes"
 106:Drivers/CMSIS/Include/cmsis_gcc.h ****   __PACKED_STRUCT T_UINT32_READ { uint32_t v; };
 107:Drivers/CMSIS/Include/cmsis_gcc.h ****   #pragma GCC diagnostic pop
 108:Drivers/CMSIS/Include/cmsis_gcc.h ****   #define __UNALIGNED_UINT32_READ(addr)          (((const struct T_UINT32_READ *)(const void *)(add
ARM GAS  /var/folders/4h/7vm9s8w13t95ghm4btcrtdl80000gn/T//ccWsQp8A.s 			page 6


 109:Drivers/CMSIS/Include/cmsis_gcc.h **** #endif
 110:Drivers/CMSIS/Include/cmsis_gcc.h **** #ifndef   __ALIGNED
 111:Drivers/CMSIS/Include/cmsis_gcc.h ****   #define __ALIGNED(x)                           __attribute__((aligned(x)))
 112:Drivers/CMSIS/Include/cmsis_gcc.h **** #endif
 113:Drivers/CMSIS/Include/cmsis_gcc.h **** #ifndef   __RESTRICT
 114:Drivers/CMSIS/Include/cmsis_gcc.h ****   #define __RESTRICT                             __restrict
 115:Drivers/CMSIS/Include/cmsis_gcc.h **** #endif
 116:Drivers/CMSIS/Include/cmsis_gcc.h **** 
 117:Drivers/CMSIS/Include/cmsis_gcc.h **** 
 118:Drivers/CMSIS/Include/cmsis_gcc.h **** /* ###########################  Core Function Access  ########################### */
 119:Drivers/CMSIS/Include/cmsis_gcc.h **** /** \ingroup  CMSIS_Core_FunctionInterface
 120:Drivers/CMSIS/Include/cmsis_gcc.h ****     \defgroup CMSIS_Core_RegAccFunctions CMSIS Core Register Access Functions
 121:Drivers/CMSIS/Include/cmsis_gcc.h ****   @{
 122:Drivers/CMSIS/Include/cmsis_gcc.h ****  */
 123:Drivers/CMSIS/Include/cmsis_gcc.h **** 
 124:Drivers/CMSIS/Include/cmsis_gcc.h **** /**
 125:Drivers/CMSIS/Include/cmsis_gcc.h ****   \brief   Enable IRQ Interrupts
 126:Drivers/CMSIS/Include/cmsis_gcc.h ****   \details Enables IRQ interrupts by clearing the I-bit in the CPSR.
 127:Drivers/CMSIS/Include/cmsis_gcc.h ****            Can only be executed in Privileged modes.
 128:Drivers/CMSIS/Include/cmsis_gcc.h ****  */
 129:Drivers/CMSIS/Include/cmsis_gcc.h **** __STATIC_FORCEINLINE void __enable_irq(void)
 130:Drivers/CMSIS/Include/cmsis_gcc.h **** {
 131:Drivers/CMSIS/Include/cmsis_gcc.h ****   __ASM volatile ("cpsie i" : : : "memory");
 132:Drivers/CMSIS/Include/cmsis_gcc.h **** }
 133:Drivers/CMSIS/Include/cmsis_gcc.h **** 
 134:Drivers/CMSIS/Include/cmsis_gcc.h **** 
 135:Drivers/CMSIS/Include/cmsis_gcc.h **** /**
 136:Drivers/CMSIS/Include/cmsis_gcc.h ****   \brief   Disable IRQ Interrupts
 137:Drivers/CMSIS/Include/cmsis_gcc.h ****   \details Disables IRQ interrupts by setting the I-bit in the CPSR.
 138:Drivers/CMSIS/Include/cmsis_gcc.h ****            Can only be executed in Privileged modes.
 139:Drivers/CMSIS/Include/cmsis_gcc.h ****  */
 140:Drivers/CMSIS/Include/cmsis_gcc.h **** __STATIC_FORCEINLINE void __disable_irq(void)
  37              		.loc 2 140 27 view .LVU2
  38              	.LBB5:
 141:Drivers/CMSIS/Include/cmsis_gcc.h **** {
 142:Drivers/CMSIS/Include/cmsis_gcc.h ****   __ASM volatile ("cpsid i" : : : "memory");
  39              		.loc 2 142 3 view .LVU3
  40              		.syntax divided
  41              	@ 142 "Drivers/CMSIS/Include/cmsis_gcc.h" 1
  42 0000 72B6     		cpsid i
  43              	@ 0 "" 2
  44              		.thumb
  45              		.syntax unified
  46              	.L2:
  47              	.LBE5:
  48              	.LBE4:
 143:Src/main.c    ****   while (1)
  49              		.loc 1 143 3 view .LVU4
 144:Src/main.c    ****   {
 145:Src/main.c    ****   }
  50              		.loc 1 145 3 view .LVU5
 143:Src/main.c    ****   while (1)
  51              		.loc 1 143 9 view .LVU6
  52 0002 FEE7     		b	.L2
  53              		.cfi_endproc
  54              	.LFE45:
  56              		.section	.text.SystemClock_Config,"ax",%progbits
ARM GAS  /var/folders/4h/7vm9s8w13t95ghm4btcrtdl80000gn/T//ccWsQp8A.s 			page 7


  57              		.align	1
  58              		.global	SystemClock_Config
  59              		.syntax unified
  60              		.code	16
  61              		.thumb_func
  63              	SystemClock_Config:
  64              	.LFB44:
  90:Src/main.c    ****   RCC_OscInitTypeDef RCC_OscInitStruct = {0};
  65              		.loc 1 90 1 view -0
  66              		.cfi_startproc
  67              		@ args = 0, pretend = 0, frame = 88
  68              		@ frame_needed = 0, uses_anonymous_args = 0
  69 0000 00B5     		push	{lr}
  70              	.LCFI0:
  71              		.cfi_def_cfa_offset 4
  72              		.cfi_offset 14, -4
  73 0002 97B0     		sub	sp, sp, #92
  74              	.LCFI1:
  75              		.cfi_def_cfa_offset 96
  91:Src/main.c    ****   RCC_ClkInitTypeDef RCC_ClkInitStruct = {0};
  76              		.loc 1 91 3 view .LVU8
  91:Src/main.c    ****   RCC_ClkInitTypeDef RCC_ClkInitStruct = {0};
  77              		.loc 1 91 22 is_stmt 0 view .LVU9
  78 0004 3022     		movs	r2, #48
  79 0006 0021     		movs	r1, #0
  80 0008 0AA8     		add	r0, sp, #40
  81 000a FFF7FEFF 		bl	memset
  82              	.LVL0:
  92:Src/main.c    ****   RCC_PeriphCLKInitTypeDef PeriphClkInit = {0};
  83              		.loc 1 92 3 is_stmt 1 view .LVU10
  92:Src/main.c    ****   RCC_PeriphCLKInitTypeDef PeriphClkInit = {0};
  84              		.loc 1 92 22 is_stmt 0 view .LVU11
  85 000e 1022     		movs	r2, #16
  86 0010 0021     		movs	r1, #0
  87 0012 06A8     		add	r0, sp, #24
  88 0014 FFF7FEFF 		bl	memset
  89              	.LVL1:
  93:Src/main.c    **** 
  90              		.loc 1 93 3 is_stmt 1 view .LVU12
  93:Src/main.c    **** 
  91              		.loc 1 93 28 is_stmt 0 view .LVU13
  92 0018 1422     		movs	r2, #20
  93 001a 0021     		movs	r1, #0
  94 001c 01A8     		add	r0, sp, #4
  95 001e FFF7FEFF 		bl	memset
  96              	.LVL2:
  98:Src/main.c    ****   RCC_OscInitStruct.HSIState = RCC_HSI_ON;
  97              		.loc 1 98 3 is_stmt 1 view .LVU14
  98:Src/main.c    ****   RCC_OscInitStruct.HSIState = RCC_HSI_ON;
  98              		.loc 1 98 36 is_stmt 0 view .LVU15
  99 0022 0223     		movs	r3, #2
 100 0024 0A93     		str	r3, [sp, #40]
  99:Src/main.c    ****   RCC_OscInitStruct.HSICalibrationValue = RCC_HSICALIBRATION_DEFAULT;
 101              		.loc 1 99 3 is_stmt 1 view .LVU16
  99:Src/main.c    ****   RCC_OscInitStruct.HSICalibrationValue = RCC_HSICALIBRATION_DEFAULT;
 102              		.loc 1 99 30 is_stmt 0 view .LVU17
 103 0026 0122     		movs	r2, #1
ARM GAS  /var/folders/4h/7vm9s8w13t95ghm4btcrtdl80000gn/T//ccWsQp8A.s 			page 8


 104 0028 0D92     		str	r2, [sp, #52]
 100:Src/main.c    ****   RCC_OscInitStruct.PLL.PLLState = RCC_PLL_ON;
 105              		.loc 1 100 3 is_stmt 1 view .LVU18
 100:Src/main.c    ****   RCC_OscInitStruct.PLL.PLLState = RCC_PLL_ON;
 106              		.loc 1 100 41 is_stmt 0 view .LVU19
 107 002a 0F32     		adds	r2, r2, #15
 108 002c 0E92     		str	r2, [sp, #56]
 101:Src/main.c    ****   RCC_OscInitStruct.PLL.PLLSource = RCC_PLLSOURCE_HSI;
 109              		.loc 1 101 3 is_stmt 1 view .LVU20
 101:Src/main.c    ****   RCC_OscInitStruct.PLL.PLLSource = RCC_PLLSOURCE_HSI;
 110              		.loc 1 101 34 is_stmt 0 view .LVU21
 111 002e 1293     		str	r3, [sp, #72]
 102:Src/main.c    ****   RCC_OscInitStruct.PLL.PLLMUL = RCC_PLL_MUL12;
 112              		.loc 1 102 3 is_stmt 1 view .LVU22
 103:Src/main.c    ****   RCC_OscInitStruct.PLL.PREDIV = RCC_PREDIV_DIV1;
 113              		.loc 1 103 3 view .LVU23
 103:Src/main.c    ****   RCC_OscInitStruct.PLL.PREDIV = RCC_PREDIV_DIV1;
 114              		.loc 1 103 32 is_stmt 0 view .LVU24
 115 0030 A023     		movs	r3, #160
 116 0032 9B03     		lsls	r3, r3, #14
 117 0034 1493     		str	r3, [sp, #80]
 104:Src/main.c    ****   if (HAL_RCC_OscConfig(&RCC_OscInitStruct) != HAL_OK)
 118              		.loc 1 104 3 is_stmt 1 view .LVU25
 105:Src/main.c    ****   {
 119              		.loc 1 105 3 view .LVU26
 105:Src/main.c    ****   {
 120              		.loc 1 105 7 is_stmt 0 view .LVU27
 121 0036 0AA8     		add	r0, sp, #40
 122 0038 FFF7FEFF 		bl	HAL_RCC_OscConfig
 123              	.LVL3:
 105:Src/main.c    ****   {
 124              		.loc 1 105 6 discriminator 1 view .LVU28
 125 003c 0028     		cmp	r0, #0
 126 003e 17D1     		bne	.L7
 112:Src/main.c    ****                               |RCC_CLOCKTYPE_PCLK1;
 127              		.loc 1 112 3 is_stmt 1 view .LVU29
 112:Src/main.c    ****                               |RCC_CLOCKTYPE_PCLK1;
 128              		.loc 1 112 31 is_stmt 0 view .LVU30
 129 0040 0723     		movs	r3, #7
 130 0042 0693     		str	r3, [sp, #24]
 114:Src/main.c    ****   RCC_ClkInitStruct.AHBCLKDivider = RCC_SYSCLK_DIV1;
 131              		.loc 1 114 3 is_stmt 1 view .LVU31
 114:Src/main.c    ****   RCC_ClkInitStruct.AHBCLKDivider = RCC_SYSCLK_DIV1;
 132              		.loc 1 114 34 is_stmt 0 view .LVU32
 133 0044 053B     		subs	r3, r3, #5
 134 0046 0793     		str	r3, [sp, #28]
 115:Src/main.c    ****   RCC_ClkInitStruct.APB1CLKDivider = RCC_HCLK_DIV1;
 135              		.loc 1 115 3 is_stmt 1 view .LVU33
 115:Src/main.c    ****   RCC_ClkInitStruct.APB1CLKDivider = RCC_HCLK_DIV1;
 136              		.loc 1 115 35 is_stmt 0 view .LVU34
 137 0048 0023     		movs	r3, #0
 138 004a 0893     		str	r3, [sp, #32]
 116:Src/main.c    **** 
 139              		.loc 1 116 3 is_stmt 1 view .LVU35
 116:Src/main.c    **** 
 140              		.loc 1 116 36 is_stmt 0 view .LVU36
 141 004c 0993     		str	r3, [sp, #36]
ARM GAS  /var/folders/4h/7vm9s8w13t95ghm4btcrtdl80000gn/T//ccWsQp8A.s 			page 9


 118:Src/main.c    ****   {
 142              		.loc 1 118 3 is_stmt 1 view .LVU37
 118:Src/main.c    ****   {
 143              		.loc 1 118 7 is_stmt 0 view .LVU38
 144 004e 0121     		movs	r1, #1
 145 0050 06A8     		add	r0, sp, #24
 146 0052 FFF7FEFF 		bl	HAL_RCC_ClockConfig
 147              	.LVL4:
 118:Src/main.c    ****   {
 148              		.loc 1 118 6 discriminator 1 view .LVU39
 149 0056 0028     		cmp	r0, #0
 150 0058 0CD1     		bne	.L8
 122:Src/main.c    ****   PeriphClkInit.Usart1ClockSelection = RCC_USART1CLKSOURCE_PCLK1;
 151              		.loc 1 122 3 is_stmt 1 view .LVU40
 122:Src/main.c    ****   PeriphClkInit.Usart1ClockSelection = RCC_USART1CLKSOURCE_PCLK1;
 152              		.loc 1 122 38 is_stmt 0 view .LVU41
 153 005a 0123     		movs	r3, #1
 154 005c 0193     		str	r3, [sp, #4]
 123:Src/main.c    ****   if (HAL_RCCEx_PeriphCLKConfig(&PeriphClkInit) != HAL_OK)
 155              		.loc 1 123 3 is_stmt 1 view .LVU42
 123:Src/main.c    ****   if (HAL_RCCEx_PeriphCLKConfig(&PeriphClkInit) != HAL_OK)
 156              		.loc 1 123 38 is_stmt 0 view .LVU43
 157 005e 0023     		movs	r3, #0
 158 0060 0393     		str	r3, [sp, #12]
 124:Src/main.c    ****   {
 159              		.loc 1 124 3 is_stmt 1 view .LVU44
 124:Src/main.c    ****   {
 160              		.loc 1 124 7 is_stmt 0 view .LVU45
 161 0062 01A8     		add	r0, sp, #4
 162 0064 FFF7FEFF 		bl	HAL_RCCEx_PeriphCLKConfig
 163              	.LVL5:
 124:Src/main.c    ****   {
 164              		.loc 1 124 6 discriminator 1 view .LVU46
 165 0068 0028     		cmp	r0, #0
 166 006a 05D1     		bne	.L9
 128:Src/main.c    **** 
 167              		.loc 1 128 1 view .LVU47
 168 006c 17B0     		add	sp, sp, #92
 169              		@ sp needed
 170 006e 00BD     		pop	{pc}
 171              	.L7:
 107:Src/main.c    ****   }
 172              		.loc 1 107 5 is_stmt 1 view .LVU48
 173 0070 FFF7FEFF 		bl	Error_Handler
 174              	.LVL6:
 175              	.L8:
 120:Src/main.c    ****   }
 176              		.loc 1 120 5 view .LVU49
 177 0074 FFF7FEFF 		bl	Error_Handler
 178              	.LVL7:
 179              	.L9:
 126:Src/main.c    ****   }
 180              		.loc 1 126 5 view .LVU50
 181 0078 FFF7FEFF 		bl	Error_Handler
 182              	.LVL8:
 183              		.cfi_endproc
 184              	.LFE44:
ARM GAS  /var/folders/4h/7vm9s8w13t95ghm4btcrtdl80000gn/T//ccWsQp8A.s 			page 10


 186              		.section	.rodata.main.str1.4,"aMS",%progbits,1
 187              		.align	2
 188              	.LC0:
 189 0000 4C454420 		.ascii	"LED on\015\000"
 189      6F6E0D00 
 190              		.align	2
 191              	.LC2:
 192 0008 4C454420 		.ascii	"LED off\015\000"
 192      6F66660D 
 192      00
 193              		.section	.text.main,"ax",%progbits
 194              		.align	1
 195              		.global	main
 196              		.syntax unified
 197              		.code	16
 198              		.thumb_func
 200              	main:
 201              	.LFB43:
  65:Src/main.c    **** 
 202              		.loc 1 65 16 view -0
 203              		.cfi_startproc
 204              		@ Volatile: function does not return.
 205              		@ args = 0, pretend = 0, frame = 0
 206              		@ frame_needed = 0, uses_anonymous_args = 0
 207 0000 70B5     		push	{r4, r5, r6, lr}
 208              	.LCFI2:
 209              		.cfi_def_cfa_offset 16
 210              		.cfi_offset 4, -16
 211              		.cfi_offset 5, -12
 212              		.cfi_offset 6, -8
 213              		.cfi_offset 14, -4
  67:Src/main.c    **** 	SystemClock_Config();
 214              		.loc 1 67 2 view .LVU52
 215 0002 FFF7FEFF 		bl	HAL_Init
 216              	.LVL9:
  68:Src/main.c    **** 	MX_GPIO_Init();
 217              		.loc 1 68 2 view .LVU53
 218 0006 FFF7FEFF 		bl	SystemClock_Config
 219              	.LVL10:
  69:Src/main.c    **** 	MX_USART1_UART_Init();
 220              		.loc 1 69 2 view .LVU54
 221 000a FFF7FEFF 		bl	MX_GPIO_Init
 222              	.LVL11:
  70:Src/main.c    **** 
 223              		.loc 1 70 2 view .LVU55
 224 000e FFF7FEFF 		bl	MX_USART1_UART_Init
 225              	.LVL12:
 226              	.L11:
  72:Src/main.c    **** 
 227              		.loc 1 72 2 view .LVU56
  74:Src/main.c    **** 		HAL_GPIO_WritePin(LD4_GPIO_Port, LD4_Pin, GPIO_PIN_SET);
 228              		.loc 1 74 3 view .LVU57
 229 0012 0E48     		ldr	r0, .L12
 230 0014 FFF7FEFF 		bl	puts
 231              	.LVL13:
  75:Src/main.c    **** 		HAL_Delay(1000);
 232              		.loc 1 75 3 view .LVU58
ARM GAS  /var/folders/4h/7vm9s8w13t95ghm4btcrtdl80000gn/T//ccWsQp8A.s 			page 11


 233 0018 8026     		movs	r6, #128
 234 001a 7600     		lsls	r6, r6, #1
 235 001c 0C4D     		ldr	r5, .L12+4
 236 001e 0122     		movs	r2, #1
 237 0020 3100     		movs	r1, r6
 238 0022 2800     		movs	r0, r5
 239 0024 FFF7FEFF 		bl	HAL_GPIO_WritePin
 240              	.LVL14:
  76:Src/main.c    **** 		printf("LED off\r\n");
 241              		.loc 1 76 3 view .LVU59
 242 0028 FA24     		movs	r4, #250
 243 002a A400     		lsls	r4, r4, #2
 244 002c 2000     		movs	r0, r4
 245 002e FFF7FEFF 		bl	HAL_Delay
 246              	.LVL15:
  77:Src/main.c    **** 		HAL_GPIO_WritePin(LD4_GPIO_Port, LD4_Pin, GPIO_PIN_RESET);
 247              		.loc 1 77 3 view .LVU60
 248 0032 0848     		ldr	r0, .L12+8
 249 0034 FFF7FEFF 		bl	puts
 250              	.LVL16:
  78:Src/main.c    **** 		HAL_Delay(1000);
 251              		.loc 1 78 3 view .LVU61
 252 0038 0022     		movs	r2, #0
 253 003a 3100     		movs	r1, r6
 254 003c 2800     		movs	r0, r5
 255 003e FFF7FEFF 		bl	HAL_GPIO_WritePin
 256              	.LVL17:
  79:Src/main.c    **** 
 257              		.loc 1 79 3 discriminator 1 view .LVU62
 258 0042 2000     		movs	r0, r4
 259 0044 FFF7FEFF 		bl	HAL_Delay
 260              	.LVL18:
  72:Src/main.c    **** 
 261              		.loc 1 72 8 view .LVU63
 262 0048 E3E7     		b	.L11
 263              	.L13:
 264 004a C046     		.align	2
 265              	.L12:
 266 004c 00000000 		.word	.LC0
 267 0050 00080048 		.word	1207961600
 268 0054 08000000 		.word	.LC2
 269              		.cfi_endproc
 270              	.LFE43:
 272              		.text
 273              	.Letext0:
 274              		.file 3 "/Applications/ArmGNUToolchain/13.2.Rel1/arm-none-eabi/arm-none-eabi/include/machine/_defa
 275              		.file 4 "/Applications/ArmGNUToolchain/13.2.Rel1/arm-none-eabi/arm-none-eabi/include/sys/_stdint.h
 276              		.file 5 "Drivers/CMSIS/Device/ST/STM32F0xx/Include/stm32f051x8.h"
 277              		.file 6 "Drivers/STM32F0xx_HAL_Driver/Inc/stm32f0xx_hal_def.h"
 278              		.file 7 "Drivers/STM32F0xx_HAL_Driver/Inc/stm32f0xx_hal_rcc.h"
 279              		.file 8 "Drivers/STM32F0xx_HAL_Driver/Inc/stm32f0xx_hal_rcc_ex.h"
 280              		.file 9 "Drivers/STM32F0xx_HAL_Driver/Inc/stm32f0xx_hal_gpio.h"
 281              		.file 10 "Drivers/STM32F0xx_HAL_Driver/Inc/stm32f0xx_hal.h"
 282              		.file 11 "Inc/usart.h"
 283              		.file 12 "Inc/gpio.h"
 284              		.file 13 "<built-in>"
ARM GAS  /var/folders/4h/7vm9s8w13t95ghm4btcrtdl80000gn/T//ccWsQp8A.s 			page 12


DEFINED SYMBOLS
                            *ABS*:00000000 main.c
/var/folders/4h/7vm9s8w13t95ghm4btcrtdl80000gn/T//ccWsQp8A.s:19     .text.Error_Handler:00000000 $t
/var/folders/4h/7vm9s8w13t95ghm4btcrtdl80000gn/T//ccWsQp8A.s:25     .text.Error_Handler:00000000 Error_Handler
/var/folders/4h/7vm9s8w13t95ghm4btcrtdl80000gn/T//ccWsQp8A.s:57     .text.SystemClock_Config:00000000 $t
/var/folders/4h/7vm9s8w13t95ghm4btcrtdl80000gn/T//ccWsQp8A.s:63     .text.SystemClock_Config:00000000 SystemClock_Config
/var/folders/4h/7vm9s8w13t95ghm4btcrtdl80000gn/T//ccWsQp8A.s:187    .rodata.main.str1.4:00000000 $d
/var/folders/4h/7vm9s8w13t95ghm4btcrtdl80000gn/T//ccWsQp8A.s:194    .text.main:00000000 $t
/var/folders/4h/7vm9s8w13t95ghm4btcrtdl80000gn/T//ccWsQp8A.s:200    .text.main:00000000 main
/var/folders/4h/7vm9s8w13t95ghm4btcrtdl80000gn/T//ccWsQp8A.s:266    .text.main:0000004c $d

UNDEFINED SYMBOLS
memset
HAL_RCC_OscConfig
HAL_RCC_ClockConfig
HAL_RCCEx_PeriphCLKConfig
HAL_Init
MX_GPIO_Init
MX_USART1_UART_Init
puts
HAL_GPIO_WritePin
HAL_Delay
